C51 COMPILER V9.60.7.0   MAIN                                                              11/23/2023 00:22:41 PAGE 1   


C51 COMPILER V9.60.7.0, COMPILATION OF MODULE MAIN
OBJECT MODULE PLACED IN .\Objects\main.obj
COMPILER INVOKED BY: D:\Keil_v5\C51\BIN\C51.EXE main.c OPTIMIZE(8,SPEED) BROWSE DEBUG OBJECTEXTEND PRINT(.\Listings\main
                    -.lst) OBJECT(.\Objects\main.obj)

line level    source

   1          #include <REGX52.H>
   2          #include "bstv51.h"
   3          
   4          void Delay(unsigned int xms)            //@12.000MHz
   5          {
   6   1              unsigned char i, j;
   7   1          
   8   1          while(xms --)
   9   1          {
  10   2              i = 2;
  11   2              j = 239;
  12   2              do
  13   2              {
  14   3                  while (--j);
  15   3              } while (--i);
  16   2          }
  17   1      }
  18          
  19          
  20          void main()
  21          {
  22   1          unsigned char LEDNum = 0;
  23   1          
  24   1          P1 = ~0x01;
  25   1          while(1)
  26   1          {
  27   2              //当按下开关 K1
  28   2              if(P3_4 == 0)
  29   2              {
  30   3                  //按键按下时的抖动
  31   3                  Delay(20);
  32   3                  //手还没松开
  33   3                  while(P3_4 == 0);
  34   3                  //松手之后按键也会抖动
  35   3                  Delay(20);
  36   3                  
  37   3                  //0000 0000
  38   3                  //0000 0001 -> 1111 1110
  39   3                  //0000 0010 -> 1111 1101
  40   3                  //0000 0011 -> 1111 1100
  41   3                  //0000 0100 -> 1111 1011
  42   3                  //......
  43   3                  
  44   3                  /* 
  45   3                      LEDNum ++;
  46   3                      P1 =~LEDNum; 
  47   3                  */
  48   3                  
  49   3                  LEDNum ++;
  50   3                  if(LEDNum >= 8)
  51   3                  {
  52   4                      LEDNum = 0;
  53   4                  }
  54   3                  
C51 COMPILER V9.60.7.0   MAIN                                                              11/23/2023 00:22:41 PAGE 2   

  55   3                  P1 = ~(0x01 << LEDNum);
  56   3              }
  57   2              
  58   2              if(P3_5 == 0)
  59   2              {
  60   3                  //按键按下时的抖动
  61   3                  Delay(20);
  62   3                  //手还没松开
  63   3                  while(P3_5 == 0);
  64   3                  //松手之后按键也会抖动
  65   3                  Delay(20);
  66   3                  
  67   3                  //0000 0000
  68   3                  //0000 0001 -> 1111 1110
  69   3                  //0000 0010 -> 1111 1101
  70   3                  //0000 0011 -> 1111 1100
  71   3                  //0000 0100 -> 1111 1011
  72   3                  //......
  73   3                  
  74   3                  /* 
  75   3                      LEDNum ++;
  76   3                      P1 =~LEDNum; 
  77   3                  */
  78   3                  
  79   3                  if(LEDNum == 0)
  80   3                  {
  81   4                      LEDNum = 7;
  82   4                  }
  83   3                  else
  84   3                      LEDNum --;
  85   3                  
  86   3                  P1 = ~(0x01 << LEDNum);
  87   3              }
  88   2              
  89   2          }
  90   1      }


MODULE INFORMATION:   STATIC OVERLAYABLE
   CODE SIZE        =    101    ----
   CONSTANT SIZE    =   ----    ----
   XDATA SIZE       =   ----    ----
   PDATA SIZE       =   ----    ----
   DATA SIZE        =   ----    ----
   IDATA SIZE       =   ----    ----
   BIT SIZE         =   ----    ----
END OF MODULE INFORMATION.


C51 COMPILATION COMPLETE.  0 WARNING(S),  0 ERROR(S)
