C51 COMPILER V9.60.7.0   MAIN                                                              11/07/2023 17:13:03 PAGE 1   


C51 COMPILER V9.60.7.0, COMPILATION OF MODULE MAIN
OBJECT MODULE PLACED IN .\Objects\main.obj
COMPILER INVOKED BY: D:\Keil_v5\C51\BIN\C51.EXE main.c OPTIMIZE(8,SPEED) BROWSE DEBUG OBJECTEXTEND PRINT(.\Listings\main
                    -.lst) OBJECT(.\Objects\main.obj)

line level    source

   1          #include <REGX52.H>
   2          
   3          void Delayms(unsigned int xms)          //@12.000MHz
   4          {
   5   1              unsigned char i, j;
   6   1      
   7   1          while(xms)
   8   1          {
   9   2              i = 2;
  10   2              j = 239;
  11   2              do
  12   2              {
  13   3                  while (--j);
  14   3              } while (--i);
  15   2              xms --;
  16   2          }
  17   1      }
  18          
  19          
  20          void main()
  21          {
  22   1          while(1)
  23   1          {
  24   2              int i;
  25   2              for(i = 0; i < 8; i ++)
  26   2              {
  27   3                  P1 = 0xFF << (1 << i);
  28   3                  Delayms(500);
  29   3              }
  30   2          }
  31   1      }


MODULE INFORMATION:   STATIC OVERLAYABLE
   CODE SIZE        =     79    ----
   CONSTANT SIZE    =   ----    ----
   XDATA SIZE       =   ----    ----
   PDATA SIZE       =   ----    ----
   DATA SIZE        =   ----       2
   IDATA SIZE       =   ----    ----
   BIT SIZE         =   ----    ----
END OF MODULE INFORMATION.


C51 COMPILATION COMPLETE.  0 WARNING(S),  0 ERROR(S)
