C51 COMPILER V9.60.7.0   MAIN                                                              11/23/2023 13:21:06 PAGE 1   


C51 COMPILER V9.60.7.0, COMPILATION OF MODULE MAIN
OBJECT MODULE PLACED IN .\Objects\main.obj
COMPILER INVOKED BY: D:\Keil_v5\C51\BIN\C51.EXE main.c OPTIMIZE(8,SPEED) BROWSE DEBUG OBJECTEXTEND PRINT(.\Listings\main
                    -.lst) OBJECT(.\Objects\main.obj)

line level    source

   1          #include <REGX52.H>
   2          #include "bstv51.h"
   3          
   4          sbit DUAN = P2^6;
   5          sbit WEI = P2^7;
   6          
   7          void main()
   8          {
   9   1          bstv51_init();
  10   1          
  11   1          P0 = 0x7c;
  12   1          DUAN = 1;
  13   1          DUAN = 0;
  14   1          
  15   1          P0 = 0x00; //1111 1110
  16   1          WEI = 1;
  17   1          WEI = 0;
  18   1      }


MODULE INFORMATION:   STATIC OVERLAYABLE
   CODE SIZE        =     18    ----
   CONSTANT SIZE    =   ----    ----
   XDATA SIZE       =   ----    ----
   PDATA SIZE       =   ----    ----
   DATA SIZE        =   ----    ----
   IDATA SIZE       =   ----    ----
   BIT SIZE         =   ----    ----
END OF MODULE INFORMATION.


C51 COMPILATION COMPLETE.  0 WARNING(S),  0 ERROR(S)
