C51 COMPILER V9.60.7.0   MAIN                                                              12/09/2023 17:14:59 PAGE 1   


C51 COMPILER V9.60.7.0, COMPILATION OF MODULE MAIN
OBJECT MODULE PLACED IN .\Objects\main.obj
COMPILER INVOKED BY: D:\Keil_v5\C51\BIN\C51.EXE main.c OPTIMIZE(8,SPEED) BROWSE DEBUG OBJECTEXTEND PRINT(.\Listings\main
                    -.lst) OBJECT(.\Objects\main.obj)

line level    source

   1          #include<REGX52.H>
   2          
   3          sbit DUAN = P2^6;
   4          sbit WEI = P2^7;
   5          
   6          unsigned code sz[17] = { 0x3f, 0x06, 0x5b, 0x4f, 0x66, 0x6d,
   7                                 0x7d, 0x07, 0x7f, 0x6f, 0x77, 0x7c,
   8                                 0x39, 0x5e, 0x79, 0x71, 0x00
   9          };
  10          
  11          void delay(unsigned int xms)
  12          {
  13   1          unsigned int i, j;
  14   1          for(i = xms; i > 0; i --)
  15   1              for(j = 112; j > 0; j --);
  16   1      }
  17          
  18          void main()
  19          {
  20   1          while(1)
  21   1          {
  22   2              P0 = sz[1]; //数字 1
  23   2              DUAN = 1; //一端上电
  24   2              DUAN = 0; //断开
  25   2              P0 = 0xfe; //1111 1110
  26   2              WEI = 1; //另一端上高电平
  27   2              WEI = 0; //另一端断开
  28   2              delay(200);
  29   2              
  30   2              P0 = sz[2]; //数字 2
  31   2              DUAN = 1; //一端上电
  32   2              DUAN = 0; //断开
  33   2              P0 = 0xfd; //1111 1101
  34   2              WEI = 1; //另一端上高电平
  35   2              WEI = 0; //另一端断开
  36   2              delay(200);
  37   2              
  38   2              P0 = sz[3]; //数字 3
  39   2              DUAN = 1; //一端上电
  40   2              DUAN = 0; //断开
  41   2              P0 = 0xfb; //1111 1100
  42   2              WEI = 1; //另一端上高电平
  43   2              WEI = 0; //另一端断开
  44   2              delay(200);
  45   2              
  46   2              P0 = sz[4]; //数字 4
  47   2              DUAN = 1; //一端上电
  48   2              DUAN = 0; //断开
  49   2              P0 = 0xf7; //1111 1011
  50   2              WEI = 1; //另一端上高电平
  51   2              WEI = 0; //另一端断开
  52   2              delay(200);
  53   2              
  54   2              P0 = sz[5]; //数字 5
C51 COMPILER V9.60.7.0   MAIN                                                              12/09/2023 17:14:59 PAGE 2   

  55   2              DUAN = 1; //一端上电
  56   2              DUAN = 0; //断开
  57   2              P0 = 0xef; //1110 1111
  58   2              WEI = 1; //另一端上高电平
  59   2              WEI = 0; //另一端断开
  60   2              delay(200);
  61   2              
  62   2              P0 = sz[6]; //数字 6
  63   2              DUAN = 1; //一端上电
  64   2              DUAN = 0; //断开
  65   2              P0 = 0xdf; //1101 1111
  66   2              WEI = 1; //另一端上高电平
  67   2              WEI = 0; //另一端断开
  68   2              delay(200);
  69   2              
  70   2              P0 = sz[7]; //数字 7
  71   2              DUAN = 1; //一端上电
  72   2              DUAN = 0; //断开
  73   2              P0 = 0xbf; //1011 1111
  74   2              WEI = 1; //另一端上高电平
  75   2              WEI = 0; //另一端断开
  76   2              delay(200);
  77   2              
  78   2              P0 = sz[8]; //数字 8
  79   2              DUAN = 1; //一端上电
  80   2              DUAN = 0; //断开
  81   2              P0 = 0x7f; //0111 1111
  82   2              WEI = 1; //另一端上高电平
  83   2              WEI = 0; //另一端断开
  84   2              delay(200);
  85   2              
  86   2              P0 = sz[8]; //数字 8
  87   2              DUAN = 1; //一端上电
  88   2              DUAN = 0; //断开
  89   2              P0 = 0x7f; //0111 1111
  90   2              WEI = 1; //另一端上高电平
  91   2              WEI = 0; //另一端断开
  92   2              delay(200);
  93   2              
  94   2              P0 = sz[7]; //数字 7
  95   2              DUAN = 1; //一端上电
  96   2              DUAN = 0; //断开
  97   2              P0 = 0xbf; //1011 1111
  98   2              WEI = 1; //另一端上高电平
  99   2              WEI = 0; //另一端断开
 100   2              delay(200);
 101   2              
 102   2              P0 = sz[6]; //数字 6
 103   2              DUAN = 1; //一端上电
 104   2              DUAN = 0; //断开
 105   2              P0 = 0xdf; //1101 1111
 106   2              WEI = 1; //另一端上高电平
 107   2              WEI = 0; //另一端断开
 108   2              delay(200);
 109   2              
 110   2              P0 = sz[5]; //数字 5
 111   2              DUAN = 1; //一端上电
 112   2              DUAN = 0; //断开
 113   2              P0 = 0xef; //1110 1111
 114   2              WEI = 1; //另一端上高电平
 115   2              WEI = 0; //另一端断开
 116   2              delay(200);
C51 COMPILER V9.60.7.0   MAIN                                                              12/09/2023 17:14:59 PAGE 3   

 117   2              
 118   2              P0 = sz[4]; //数字 4
 119   2              DUAN = 1; //一端上电
 120   2              DUAN = 0; //断开
 121   2              P0 = 0xf7; //1111 1011
 122   2              WEI = 1; //另一端上高电平
 123   2              WEI = 0; //另一端断开
 124   2              delay(200);
 125   2              
 126   2              P0 = sz[3]; //数字 3
 127   2              DUAN = 1; //一端上电
 128   2              DUAN = 0; //断开
 129   2              P0 = 0xfb; //1111 1100
 130   2              WEI = 1; //另一端上高电平
 131   2              WEI = 0; //另一端断开
 132   2              delay(200);
 133   2              
 134   2              P0 = sz[2]; //数字 2
 135   2              DUAN = 1; //一端上电
 136   2              DUAN = 0; //断开
 137   2              P0 = 0xfd; //1111 1101
 138   2              WEI = 1; //另一端上高电平
 139   2              WEI = 0; //另一端断开
 140   2              delay(200);
 141   2              
 142   2              P0 = sz[1]; //数字 1
 143   2              DUAN = 1; //一端上电
 144   2              DUAN = 0; //断开
 145   2              P0 = 0xfe; //1111 1110
 146   2              WEI = 1; //另一端上高电平
 147   2              WEI = 0; //另一端断开
 148   2              delay(200);
 149   2          }
 150   1      }


MODULE INFORMATION:   STATIC OVERLAYABLE
   CODE SIZE        =    316    ----
   CONSTANT SIZE    =     34    ----
   XDATA SIZE       =   ----    ----
   PDATA SIZE       =   ----    ----
   DATA SIZE        =   ----    ----
   IDATA SIZE       =   ----    ----
   BIT SIZE         =   ----    ----
END OF MODULE INFORMATION.


C51 COMPILATION COMPLETE.  0 WARNING(S),  0 ERROR(S)
